TN:
SF:webSocket.js
FN:7,init
FN:23,sendAllUserLinksCountUpdate
FN:32,sendTopFiveByUser
FN:41,sendTopFive
FN:51,sendRateLimitByCode
FN:60,sendVisitsUpdate
FNF:6
FNH:0
FNDA:0,init
FNDA:0,sendAllUserLinksCountUpdate
FNDA:0,sendTopFiveByUser
FNDA:0,sendTopFive
FNDA:0,sendRateLimitByCode
FNDA:0,sendVisitsUpdate
DA:1,1
DA:2,1
DA:3,1
DA:4,1
DA:5,1
DA:6,1
DA:7,0
DA:8,0
DA:9,0
DA:10,0
DA:11,0
DA:12,0
DA:13,0
DA:14,0
DA:15,0
DA:16,0
DA:17,0
DA:18,0
DA:19,0
DA:20,0
DA:21,1
DA:22,1
DA:23,0
DA:24,0
DA:25,0
DA:26,0
DA:27,0
DA:28,0
DA:29,0
DA:30,0
DA:31,0
DA:32,0
DA:33,0
DA:34,0
DA:35,0
DA:36,0
DA:37,0
DA:38,0
DA:39,0
DA:40,0
DA:41,0
DA:42,0
DA:43,0
DA:44,0
DA:45,0
DA:46,0
DA:47,0
DA:48,0
DA:49,0
DA:50,1
DA:51,0
DA:52,0
DA:53,0
DA:54,0
DA:55,0
DA:56,0
DA:57,0
DA:58,0
DA:59,0
DA:60,0
DA:61,0
DA:62,0
DA:63,0
DA:64,0
DA:65,0
DA:66,0
DA:67,0
DA:68,0
DA:69,0
DA:70,1
DA:71,1
LF:71
LH:11
BRDA:1,0,0,1
BRF:1
BRH:1
end_of_record
TN:
SF:error\DataBaseError.js
FN:2,DatabaseError
FNF:1
FNH:0
FNDA:0,DatabaseError
DA:1,2
DA:2,2
DA:3,0
DA:4,0
DA:5,0
DA:6,2
LF:6
LH:3
BRDA:1,0,0,2
BRF:1
BRH:1
end_of_record
TN:
SF:error\ValidationError.js
FN:2,ValidationError
FNF:1
FNH:1
FNDA:8,ValidationError
DA:1,2
DA:2,2
DA:3,8
DA:4,8
DA:5,8
DA:6,2
DA:7,2
LF:7
LH:7
BRDA:1,0,0,2
BRDA:2,1,0,8
BRF:2
BRH:2
end_of_record
TN:
SF:knex\knexClient.js
FNF:0
FNH:0
DA:1,1
DA:2,1
DA:3,1
DA:4,1
DA:5,1
DA:6,1
DA:7,1
DA:8,1
DA:9,1
DA:10,1
DA:11,1
DA:12,1
DA:13,1
DA:14,1
DA:15,1
DA:16,1
DA:17,1
DA:18,1
DA:19,1
LF:19
LH:19
BRDA:1,0,0,1
BRF:1
BRH:1
end_of_record
TN:
SF:knex\objection\IpModelObj.js
FN:5,get tableName
FN:9,get idColumn
FN:13,get jsonSchema
FN:27,get relationMappings
FNF:4
FNH:1
FNDA:3,get tableName
FNDA:0,get idColumn
FNDA:0,get jsonSchema
FNDA:0,get relationMappings
DA:1,1
DA:2,1
DA:3,1
DA:4,1
DA:5,1
DA:6,3
DA:7,3
DA:8,1
DA:9,1
DA:10,0
DA:11,0
DA:12,1
DA:13,1
DA:14,0
DA:15,0
DA:16,0
DA:17,0
DA:18,0
DA:19,0
DA:20,0
DA:21,0
DA:22,0
DA:23,0
DA:24,0
DA:25,0
DA:26,1
DA:27,1
DA:28,0
DA:29,0
DA:30,0
DA:31,0
DA:32,0
DA:33,0
DA:34,0
DA:35,0
DA:36,0
DA:37,0
DA:38,0
DA:39,1
DA:40,1
DA:41,1
LF:41
LH:16
BRDA:1,0,0,1
BRDA:5,1,0,3
BRF:2
BRH:2
end_of_record
TN:
SF:knex\objection\UrlModelObj.js
FN:5,get tableName
FN:9,get idColumn
FN:13,get jsonSchema
FN:32,get relationMappings
FNF:4
FNH:3
FNDA:8,get tableName
FNDA:0,get idColumn
FNDA:2,get jsonSchema
FNDA:1,get relationMappings
DA:1,2
DA:2,2
DA:3,2
DA:4,2
DA:5,2
DA:6,8
DA:7,8
DA:8,2
DA:9,2
DA:10,0
DA:11,0
DA:12,2
DA:13,2
DA:14,2
DA:15,2
DA:16,2
DA:17,2
DA:18,2
DA:19,2
DA:20,2
DA:21,2
DA:22,2
DA:23,2
DA:24,2
DA:25,2
DA:26,2
DA:27,2
DA:28,2
DA:29,2
DA:30,2
DA:31,2
DA:32,2
DA:33,1
DA:34,1
DA:35,1
DA:36,1
DA:37,1
DA:38,1
DA:39,1
DA:40,1
DA:41,1
DA:42,1
DA:43,1
DA:44,2
DA:45,2
DA:46,2
LF:46
LH:44
BRDA:1,0,0,2
BRDA:5,1,0,8
BRDA:13,2,0,2
BRDA:32,3,0,1
BRF:4
BRH:4
end_of_record
TN:
SF:knex\objection\UserModelObj.js
FN:5,get tableName
FN:9,get idColumn
FN:13,get jsonSchema
FN:30,get relationMappings
FNF:4
FNH:4
FNDA:24,get tableName
FNDA:2,get idColumn
FNDA:1,get jsonSchema
FNDA:1,get relationMappings
DA:1,2
DA:2,2
DA:3,2
DA:4,2
DA:5,2
DA:6,24
DA:7,24
DA:8,2
DA:9,2
DA:10,2
DA:11,2
DA:12,2
DA:13,2
DA:14,1
DA:15,1
DA:16,1
DA:17,1
DA:18,1
DA:19,1
DA:20,1
DA:21,1
DA:22,1
DA:23,1
DA:24,1
DA:25,1
DA:26,1
DA:27,1
DA:28,1
DA:29,2
DA:30,2
DA:31,1
DA:32,1
DA:33,1
DA:34,1
DA:35,1
DA:36,1
DA:37,1
DA:38,1
DA:39,1
DA:40,1
DA:41,1
DA:42,2
DA:43,2
DA:44,2
LF:44
LH:44
BRDA:1,0,0,2
BRDA:5,1,0,24
BRDA:9,2,0,2
BRDA:13,3,0,1
BRDA:30,4,0,1
BRF:5
BRH:5
end_of_record
TN:
SF:models\UrlModel.js
FN:3,<instance_members_initializer>
FN:12,Url
FNF:2
FNH:2
FNDA:2,<instance_members_initializer>
FNDA:2,Url
DA:1,1
DA:2,1
DA:3,1
DA:4,2
DA:5,2
DA:6,2
DA:7,2
DA:8,2
DA:9,2
DA:10,2
DA:11,2
DA:12,2
DA:13,2
DA:14,2
DA:15,2
DA:16,2
DA:17,2
DA:18,2
DA:19,2
DA:20,2
DA:21,1
DA:22,1
DA:23,1
DA:24,1
DA:25,2
DA:26,0
DA:27,0
DA:28,1
DA:29,1
DA:30,1
DA:31,2
DA:32,2
LF:32
LH:30
BRDA:1,0,0,1
BRDA:3,1,0,2
BRDA:12,2,0,2
BRDA:20,3,0,1
BRDA:25,4,0,0
BRDA:28,5,0,1
BRF:6
BRH:5
end_of_record
TN:
SF:models\UserModel.js
FN:3,<instance_members_initializer>
FN:12,UserModel
FNF:2
FNH:2
FNDA:3,<instance_members_initializer>
FNDA:3,UserModel
DA:1,1
DA:2,1
DA:3,1
DA:4,3
DA:5,3
DA:6,3
DA:7,3
DA:8,3
DA:9,3
DA:10,3
DA:11,3
DA:12,3
DA:13,3
DA:14,3
DA:15,3
DA:16,3
DA:17,3
DA:18,3
DA:19,3
DA:20,3
DA:21,3
DA:22,0
DA:23,0
DA:24,3
DA:25,3
DA:26,3
LF:26
LH:24
BRDA:1,0,0,1
BRDA:3,1,0,3
BRDA:12,2,0,3
BRDA:21,3,0,0
BRF:4
BRH:3
end_of_record
TN:
SF:models\urlConstants.js
FNF:0
FNH:0
DA:1,1
DA:2,1
DA:3,1
DA:4,1
DA:5,1
DA:6,1
DA:7,1
DA:8,1
DA:9,1
DA:10,1
LF:10
LH:10
BRDA:1,0,0,1
BRF:1
BRH:1
end_of_record
TN:
SF:models\userRoles.js
FNF:0
FNH:0
DA:1,1
DA:2,1
DA:3,1
DA:4,1
LF:4
LH:4
BRDA:1,0,0,1
BRF:1
BRH:1
end_of_record
TN:
SF:repository\UrlRepository.js
FN:10,add
FN:32,addVisit
FN:43,updateEnabledStatus
FN:56,updateType
FN:70,updateTypeAndExpireAt
FN:85,updateExpireAt
FN:99,delete
FN:112,get
FN:123,getUrlByUser
FN:132,getUrlByUserId
FN:142,getTopFiveVisitedUrlsByUserId
FN:156,getTopFiveVisitedUrls
FN:169,getAll
FNF:13
FNH:2
FNDA:1,add
FNDA:1,addVisit
FNDA:0,updateEnabledStatus
FNDA:0,updateType
FNDA:0,updateTypeAndExpireAt
FNDA:0,updateExpireAt
FNDA:0,delete
FNDA:0,get
FNDA:0,getUrlByUser
FNDA:0,getUrlByUserId
FNDA:0,getTopFiveVisitedUrlsByUserId
FNDA:0,getTopFiveVisitedUrls
FNDA:0,getAll
DA:1,1
DA:2,1
DA:3,1
DA:4,1
DA:5,1
DA:6,1
DA:7,1
DA:8,1
DA:9,1
DA:10,1
DA:11,1
DA:12,1
DA:13,1
DA:14,1
DA:15,1
DA:16,1
DA:17,1
DA:18,1
DA:19,1
DA:20,1
DA:21,1
DA:22,1
DA:23,1
DA:24,0
DA:25,0
DA:26,1
DA:27,1
DA:28,1
DA:29,1
DA:30,1
DA:31,1
DA:32,1
DA:33,1
DA:34,1
DA:35,1
DA:36,1
DA:37,1
DA:38,1
DA:39,1
DA:40,1
DA:41,1
DA:42,1
DA:43,1
DA:44,0
DA:45,0
DA:46,0
DA:47,0
DA:48,0
DA:49,0
DA:50,0
DA:51,0
DA:52,0
DA:53,0
DA:54,0
DA:55,0
DA:56,1
DA:57,0
DA:58,0
DA:59,0
DA:60,0
DA:61,0
DA:62,0
DA:63,0
DA:64,0
DA:65,0
DA:66,0
DA:67,0
DA:68,0
DA:69,1
DA:70,1
DA:71,0
DA:72,0
DA:73,0
DA:74,0
DA:75,0
DA:76,0
DA:77,0
DA:78,0
DA:79,0
DA:80,0
DA:81,0
DA:82,0
DA:83,0
DA:84,1
DA:85,1
DA:86,0
DA:87,0
DA:88,0
DA:89,0
DA:90,0
DA:91,0
DA:92,0
DA:93,0
DA:94,0
DA:95,0
DA:96,0
DA:97,0
DA:98,1
DA:99,1
DA:100,0
DA:101,0
DA:102,0
DA:103,0
DA:104,0
DA:105,0
DA:106,0
DA:107,0
DA:108,0
DA:109,0
DA:110,0
DA:111,1
DA:112,1
DA:113,0
DA:114,0
DA:115,0
DA:116,0
DA:117,0
DA:118,0
DA:119,0
DA:120,0
DA:121,0
DA:122,1
DA:123,1
DA:124,0
DA:125,0
DA:126,0
DA:127,0
DA:128,0
DA:129,0
DA:130,0
DA:131,0
DA:132,1
DA:133,0
DA:134,0
DA:135,0
DA:136,0
DA:137,0
DA:138,0
DA:139,0
DA:140,0
DA:141,1
DA:142,1
DA:143,0
DA:144,0
DA:145,0
DA:146,0
DA:147,0
DA:148,0
DA:149,0
DA:150,0
DA:151,0
DA:152,0
DA:153,0
DA:154,0
DA:155,1
DA:156,1
DA:157,0
DA:158,0
DA:159,0
DA:160,0
DA:161,0
DA:162,0
DA:163,0
DA:164,0
DA:165,0
DA:166,0
DA:167,0
DA:168,1
DA:169,1
DA:170,0
DA:171,0
DA:172,0
DA:173,0
DA:174,0
DA:175,0
DA:176,0
DA:177,0
DA:178,1
LF:178
LH:60
BRDA:1,0,0,1
BRDA:10,1,0,1
BRDA:24,2,0,0
BRDA:32,3,0,1
BRDA:37,4,0,0
BRF:5
BRH:3
end_of_record
TN:
SF:repository\UserRepository.js
FN:13,save
FN:25,deleteUserAndAssociatedData
FN:46,getUserByEmail
FN:59,getUserById
FN:70,getUserByName
FN:80,getAll
FNF:6
FNH:4
FNDA:3,save
FNDA:1,deleteUserAndAssociatedData
FNDA:0,getUserByEmail
FNDA:1,getUserById
FNDA:0,getUserByName
FNDA:4,getAll
DA:1,1
DA:2,1
DA:3,1
DA:4,1
DA:5,1
DA:6,1
DA:7,1
DA:8,1
DA:9,1
DA:10,1
DA:11,1
DA:12,1
DA:13,1
DA:14,3
DA:15,3
DA:16,3
DA:17,3
DA:18,1
DA:19,3
DA:20,2
DA:21,2
DA:22,2
DA:23,3
DA:24,1
DA:25,1
DA:26,1
DA:27,1
DA:28,1
DA:29,1
DA:30,1
DA:31,0
DA:32,0
DA:33,0
DA:34,1
DA:35,1
DA:36,1
DA:37,1
DA:38,1
DA:39,1
DA:40,1
DA:41,0
DA:42,0
DA:43,0
DA:44,1
DA:45,1
DA:46,1
DA:47,0
DA:48,0
DA:49,0
DA:50,0
DA:51,0
DA:52,0
DA:53,0
DA:54,0
DA:55,0
DA:56,0
DA:57,0
DA:58,1
DA:59,1
DA:60,1
DA:61,1
DA:62,1
DA:63,1
DA:64,1
DA:65,0
DA:66,0
DA:67,0
DA:68,1
DA:69,1
DA:70,1
DA:71,0
DA:72,0
DA:73,0
DA:74,0
DA:75,0
DA:76,0
DA:77,0
DA:78,0
DA:79,1
DA:80,1
DA:81,4
DA:82,4
DA:83,4
DA:84,4
DA:85,0
DA:86,0
DA:87,0
DA:88,4
DA:89,1
LF:89
LH:58
BRDA:1,0,0,1
BRDA:13,1,0,3
BRDA:18,2,0,1
BRDA:19,3,0,2
BRDA:25,4,0,1
BRDA:40,5,0,0
BRDA:28,6,0,1
BRDA:30,7,0,0
BRDA:59,8,0,1
BRDA:64,9,0,0
BRDA:80,10,0,4
BRDA:84,11,0,0
BRF:12
BRH:8
end_of_record
TN:
SF:services\UrlService.js
FN:13,UrlService
FN:17,addUrl
FN:33,addVisit
FN:46,updateEnabledStatus
FN:50,updateType
FN:54,updateTypeAndExpireAt
FN:58,updateDate
FN:62,updateExpiredUrls
FN:75,deleteUrl
FN:86,getUrlInfo
FN:91,getUrlsByUser
FN:96,getUrlsByUserId
FN:102,getTopFiveUrlsByUser
FN:108,getTopFiveUrls
FN:114,formatUrls
FNF:15
FNH:3
FNDA:1,UrlService
FNDA:2,addUrl
FNDA:1,addVisit
FNDA:0,updateEnabledStatus
FNDA:0,updateType
FNDA:0,updateTypeAndExpireAt
FNDA:0,updateDate
FNDA:0,updateExpiredUrls
FNDA:0,deleteUrl
FNDA:0,getUrlInfo
FNDA:0,getUrlsByUser
FNDA:0,getUrlsByUserId
FNDA:0,getTopFiveUrlsByUser
FNDA:0,getTopFiveUrls
FNDA:0,formatUrls
DA:1,1
DA:2,1
DA:3,1
DA:4,1
DA:5,1
DA:6,1
DA:7,1
DA:8,1
DA:9,1
DA:10,1
DA:11,1
DA:12,1
DA:13,1
DA:14,1
DA:15,1
DA:16,1
DA:17,1
DA:18,2
DA:19,2
DA:20,0
DA:21,0
DA:22,2
DA:23,2
DA:24,2
DA:25,2
DA:26,0
DA:27,2
DA:28,1
DA:29,1
DA:30,1
DA:31,2
DA:32,1
DA:33,1
DA:34,1
DA:35,0
DA:36,0
DA:37,0
DA:38,0
DA:39,0
DA:40,0
DA:41,0
DA:42,0
DA:43,0
DA:44,1
DA:45,1
DA:46,1
DA:47,0
DA:48,0
DA:49,1
DA:50,1
DA:51,0
DA:52,0
DA:53,1
DA:54,1
DA:55,0
DA:56,0
DA:57,1
DA:58,1
DA:59,0
DA:60,0
DA:61,1
DA:62,1
DA:63,0
DA:64,0
DA:65,0
DA:66,0
DA:67,0
DA:68,0
DA:69,0
DA:70,0
DA:71,0
DA:72,0
DA:73,0
DA:74,1
DA:75,1
DA:76,0
DA:77,0
DA:78,0
DA:79,0
DA:80,0
DA:81,0
DA:82,0
DA:83,0
DA:84,0
DA:85,1
DA:86,1
DA:87,0
DA:88,0
DA:89,0
DA:90,1
DA:91,1
DA:92,0
DA:93,0
DA:94,0
DA:95,1
DA:96,1
DA:97,0
DA:98,0
DA:99,0
DA:100,0
DA:101,1
DA:102,1
DA:103,0
DA:104,0
DA:105,0
DA:106,0
DA:107,1
DA:108,1
DA:109,0
DA:110,0
DA:111,0
DA:112,0
DA:113,1
DA:114,1
DA:115,0
DA:116,0
DA:117,0
DA:118,0
DA:119,0
DA:120,0
DA:121,0
DA:122,0
DA:123,0
DA:124,0
DA:125,0
DA:126,0
DA:127,0
DA:128,0
DA:129,0
DA:130,1
DA:131,1
DA:132,1
LF:132
LH:59
BRDA:1,0,0,1
BRDA:13,1,0,1
BRDA:17,2,0,2
BRDA:19,3,0,0
BRDA:26,4,0,0
BRDA:27,5,0,1
BRDA:33,6,0,1
BRDA:35,7,0,0
BRF:8
BRH:5
end_of_record
TN:
SF:services\UserService.js
FN:12,UserService
FN:16,create
FN:33,delete
FN:42,authenticate
FN:63,getUsersPublicData
FNF:5
FNH:5
FNDA:1,UserService
FNDA:4,create
FNDA:1,delete
FNDA:4,authenticate
FNDA:3,getUsersPublicData
DA:1,1
DA:2,1
DA:3,1
DA:4,1
DA:5,1
DA:6,1
DA:7,1
DA:8,1
DA:9,1
DA:10,1
DA:11,1
DA:12,1
DA:13,1
DA:14,1
DA:15,1
DA:16,1
DA:17,4
DA:18,4
DA:19,4
DA:20,4
DA:21,0
DA:22,0
DA:23,4
DA:24,0
DA:25,0
DA:26,4
DA:27,3
DA:28,3
DA:29,3
DA:30,1
DA:31,4
DA:32,1
DA:33,1
DA:34,1
DA:35,1
DA:36,1
DA:37,0
DA:38,0
DA:39,0
DA:40,1
DA:41,1
DA:42,1
DA:43,4
DA:44,4
DA:45,3
DA:46,4
DA:47,1
DA:48,4
DA:49,2
DA:50,2
DA:51,1
DA:52,1
DA:53,1
DA:54,1
DA:55,2
DA:56,4
DA:57,1
DA:58,1
DA:59,1
DA:60,4
DA:61,4
DA:62,1
DA:63,1
DA:64,3
DA:65,2
DA:66,3
DA:67,1
DA:68,1
DA:69,1
DA:70,1
DA:71,1
DA:72,1
DA:73,1
DA:74,1
DA:75,1
DA:76,1
DA:77,2
DA:78,3
DA:79,1
LF:79
LH:72
BRDA:1,0,0,1
BRDA:12,1,0,1
BRDA:16,2,0,4
BRDA:20,3,0,0
BRDA:23,4,0,0
BRDA:27,5,0,3
BRDA:30,6,0,1
BRDA:33,7,0,1
BRDA:36,8,0,0
BRDA:42,9,0,4
BRDA:45,10,0,3
BRDA:46,11,0,1
BRDA:48,12,0,2
BRDA:50,13,0,1
BRDA:56,14,0,1
BRDA:63,15,0,3
BRDA:65,16,0,2
BRDA:66,17,0,1
BRDA:77,18,0,2
BRF:19
BRH:16
end_of_record
TN:
SF:utils\HashPassword.js
FN:7,hashPassword
FN:11,comparePasswords
FNF:2
FNH:2
FNDA:7,hashPassword
FNDA:4,comparePasswords
DA:1,2
DA:2,2
DA:3,2
DA:4,2
DA:5,2
DA:6,2
DA:7,2
DA:8,7
DA:9,7
DA:10,2
DA:11,2
DA:12,4
DA:13,4
DA:14,2
LF:14
LH:14
BRDA:1,0,0,2
BRDA:7,1,0,7
BRDA:11,2,0,4
BRF:3
BRH:3
end_of_record
TN:
SF:utils\ipEncryption.js
FN:5,encryptIpAddress
FN:9,decryptIpAddress
FNF:2
FNH:2
FNDA:1,encryptIpAddress
FNDA:1,decryptIpAddress
DA:1,1
DA:2,1
DA:3,1
DA:4,1
DA:5,1
DA:6,1
DA:7,1
DA:8,1
DA:9,1
DA:10,1
DA:11,1
DA:12,1
LF:12
LH:12
BRDA:1,0,0,1
BRDA:5,1,0,1
BRDA:9,2,0,1
BRF:3
BRH:3
end_of_record
TN:
SF:utils\randomCode.js
FN:7,generateHash
FN:17,generatedUserId
FNF:2
FNH:2
FNDA:5,generateHash
FNDA:5,generatedUserId
DA:1,3
DA:2,3
DA:3,3
DA:4,3
DA:5,3
DA:6,3
DA:7,5
DA:8,5
DA:9,5
DA:10,5
DA:11,15
DA:12,15
DA:13,15
DA:14,5
DA:15,5
DA:16,5
DA:17,5
DA:18,5
DA:19,5
DA:20,5
DA:21,5
DA:22,3
DA:23,3
LF:23
LH:23
BRDA:1,0,0,3
BRDA:7,1,0,5
BRDA:10,2,0,15
BRDA:17,3,0,5
BRDA:18,4,0,2
BRF:5
BRH:5
end_of_record
